Performing C SOURCE FILE Test COMPILER_HAS_THOSE_TOGGLES failed with the following output:
Change Dir: C:/Users/vano2/source/repos/RayLibTemplate/out/build/x64-Debug/CMakeFiles/CMakeTmp

Run Build Command(s):C:/Program Files (x86)/Microsoft Visual Studio/2019/Community/Common7/IDE/CommonExtensions/Microsoft/CMake/Ninja/ninja.exe cmTC_6c057 && [1/2] Building C object CMakeFiles\cmTC_6c057.dir\src.c.obj
FAILED: CMakeFiles/cmTC_6c057.dir/src.c.obj 
C:\PROGRA~2\MICROS~4\2019\COMMUN~1\VC\Tools\MSVC\1429~1.300\bin\Hostx64\x64\cl.exe  /nologo -DCOMPILER_HAS_THOSE_TOGGLES  /DWIN32 /D_WINDOWS  /Zi /Ob0 /Od /RTC1 -MDd   -Werror=pointer-arith /showIncludes /FoCMakeFiles\cmTC_6c057.dir\src.c.obj /FdCMakeFiles\cmTC_6c057.dir\ /FS -c src.c
cl: командная строка error D8021: недопустимый числовой аргумент "/Werror=pointer-arith"
ninja: build stopped: subcommand failed.


Source file was:
int main(void) { return 0; }
Determining if the include file pthread.h exists failed with the following output:
Change Dir: C:/Users/vano2/source/repos/RayLibTemplate/out/build/x64-Debug/CMakeFiles/CMakeTmp

Run Build Command(s):C:/Program Files (x86)/Microsoft Visual Studio/2019/Community/Common7/IDE/CommonExtensions/Microsoft/CMake/Ninja/ninja.exe cmTC_0dcf7 && [1/2] Building C object CMakeFiles\cmTC_0dcf7.dir\CheckIncludeFile.c.obj
FAILED: CMakeFiles/cmTC_0dcf7.dir/CheckIncludeFile.c.obj 
C:\PROGRA~2\MICROS~4\2019\COMMUN~1\VC\Tools\MSVC\1429~1.300\bin\Hostx64\x64\cl.exe  /nologo   /DWIN32 /D_WINDOWS  /Zi /Ob0 /Od /RTC1 -MDd /showIncludes /FoCMakeFiles\cmTC_0dcf7.dir\CheckIncludeFile.c.obj /FdCMakeFiles\cmTC_0dcf7.dir\ /FS -c CheckIncludeFile.c
CheckIncludeFile.c(1): fatal error C1083: Не удается открыть файл включение: pthread.h: No such file or directory,
ninja: build stopped: subcommand failed.



